[2026-05-18_09-55] Backup da hoan thanh: data_backup_2026-05-18_09-55.tar.gz
[2026-05-18_09-55] Co ket noi mang
[2026-05-18_10-19] Backup da hoan thanh: data_backup_2026-05-18_10-19.tar.gz
[2026-05-18_10-19] Co ket noi mang
[2026-05-18_10-20] Backup da hoan thanh: data_backup_2026-05-18_10-20.tar.gz
[2026-05-18_10-20] Co ket noi mang
[2026-05-18_10-22] Backup da hoan thanh: data_backup_2026-05-18_10-22.tar.gz
[2026-05-18_10-22] Co ket noi mang
[2026-05-18_10-24] Backup da hoan thanh: data_backup_2026-05-18_10-24.tar.gz
[2026-05-18_10-24] Co ket noi mang
[2026-05-18_10-26] Backup da hoan thanh: data_backup_2026-05-18_10-26.tar.gz
[2026-05-18_10-26] Co ket noi mang
[2026-05-18_10-28] Backup da hoan thanh: data_backup_2026-05-18_10-28.tar.gz
[2026-05-18_10-28] Co ket noi mang
[2026-05-18_10-30] Backup da hoan thanh: data_backup_2026-05-18_10-30.tar.gz
[2026-05-18_10-30] Co ket noi mang
[2026-05-18_10-32] Backup da hoan thanh: data_backup_2026-05-18_10-32.tar.gz
[2026-05-18_10-32] Co ket noi mang
[2026-05-18_10-34] Backup da hoan thanh: data_backup_2026-05-18_10-34.tar.gz
[2026-05-18_10-34] Co ket noi mang
[2026-05-18_10-36] Backup da hoan thanh: data_backup_2026-05-18_10-36.tar.gz
[2026-05-18_10-36] Co ket noi mang
[2026-05-18_10-36] Backup da hoan thanh: data_backup_2026-05-18_10-36.tar.gz
[2026-05-18_10-36] Co ket noi mang
[2026-05-18_10-38] Backup da hoan thanh: data_backup_2026-05-18_10-38.tar.gz
[2026-05-18_10-38] Co ket noi mang
[2026-05-18_10-40] Backup da hoan thanh: data_backup_2026-05-18_10-40.tar.gz
[2026-05-18_10-40] Co ket noi mang
[2026-05-18_10-42] Backup da hoan thanh: data_backup_2026-05-18_10-42.tar.gz
[2026-05-18_10-42] Co ket noi mang
[2026-05-18_10-42] Da push len GitHub thanh cong
[2026-05-18_10-44] Backup da hoan thanh: data_backup_2026-05-18_10-44.tar.gz
[2026-05-18_10-44] Co ket noi mang
2026-05-18 10:44:02 - Đã xóa file backup cũ, chỉ giữ lại 5 file mới nhất
[2026-05-18_10-44] Da push len GitHub thanh cong
[2026-05-18_10-44] Backup da hoan thanh: data_backup_2026-05-18_10-44.tar.gz
[2026-05-18_10-44] Co ket noi mang
[2026-05-18_10-44] Da push len GitHub thanh cong
[2026-05-18_10-46] Backup da hoan thanh: data_backup_2026-05-18_10-46.tar.gz
[2026-05-18_10-46] Co ket noi mang
2026-05-18 10:46:02 - Đã xóa file backup cũ, chỉ giữ lại 5 file mới nhất
[2026-05-18_10-46] Da push len GitHub thanh cong
[2026-05-18_10-48] Backup da hoan thanh: data_backup_2026-05-18_10-48.tar.gz
[2026-05-18_10-48] Co ket noi mang
2026-05-18 10:48:02 - Đã xóa file backup cũ, chỉ giữ lại 5 file mới nhất
[2026-05-18_10-48] Da push len GitHub thanh cong
[2026-05-18_10-50] Backup da hoan thanh: data_backup_2026-05-18_10-50.tar.gz
[2026-05-18_10-50] Co ket noi mang
[2026-05-18_10-50] Đã xóa file backup cũ, chỉ giữ lại 5 file mới nhất
[2026-05-18_10-50] Da push len GitHub thanh cong
[2026-05-18_10-52] Backup da hoan thanh: data_backup_2026-05-18_10-52.tar.gz
[2026-05-18_10-52] Co ket noi mang
[2026-05-18_10-52] Đã xóa file backup cũ, chỉ giữ lại 5 file mới nhất
[2026-05-18_10-52] Da push len GitHub thanh cong
[2026-05-18_10-54] Backup da hoan thanh: data_backup_2026-05-18_10-54.tar.gz
[2026-05-18_10-54] Co ket noi mang
[2026-05-18_10-54] Đã xóa file backup cũ, chỉ giữ lại 5 file mới nhất
[2026-05-18_10-54] Da push len GitHub thanh cong
[2026-05-18_10-56] Backup da hoan thanh: data_backup_2026-05-18_10-56.tar.gz
[2026-05-18_10-56] Co ket noi mang
[2026-05-18_10-56] Da xoa file backup cu, chi giu lai 5 file moi nhat
[2026-05-18_10-56] Da push len GitHub thanh cong
[2026-05-18_10-58] Backup da hoan thanh: data_backup_2026-05-18_10-58.tar.gz
[2026-05-18_10-58] Co ket noi mang
[2026-05-18_10-58] Da xoa file backup cu, chi giu lai 5 file moi nhat
[2026-05-18_10-58] Da push len GitHub thanh cong
[2026-05-18_11-00] Backup da hoan thanh: data_backup_2026-05-18_11-00.tar.gz
[2026-05-18_11-00] Co ket noi mang
[2026-05-18_11-00] Da xoa file backup cu, chi giu lai 5 file moi nhat
[2026-05-18_11-00] Da push len GitHub thanh cong
[2026-05-18_11-02] Backup da hoan thanh: data_backup_2026-05-18_11-02.tar.gz
[2026-05-18_11-02] Co ket noi mang
[2026-05-18_11-02] Da xoa file backup cu, chi giu lai 5 file moi nhat
[2026-05-18_11-02] Da push len GitHub thanh cong
[2026-05-18_11-04] Backup da hoan thanh: data_backup_2026-05-18_11-04.tar.gz
[2026-05-18_11-04] Co ket noi mang
[2026-05-18_11-04] Da xoa file backup cu, chi giu lai 5 file moi nhat
[2026-05-18_11-04] Da push len GitHub thanh cong
[2026-05-18_11-06] Backup da hoan thanh: data_backup_2026-05-18_11-06.tar.gz
[2026-05-18_11-06] Co ket noi mang
[2026-05-18_11-06] Da xoa file backup cu, chi giu lai 5 file moi nhat
[2026-05-18_11-06] Da push len GitHub thanh cong
[2026-05-18_11-08] Backup da hoan thanh: data_backup_2026-05-18_11-08.tar.gz
[2026-05-18_11-08] Co ket noi mang
[2026-05-18_11-08] Da xoa file backup cu, chi giu lai 5 file moi nhat
[2026-05-18_11-08] Da push len GitHub thanh cong
[2026-05-18_11-10] Backup da hoan thanh: data_backup_2026-05-18_11-10.tar.gz
[2026-05-18_11-10] Co ket noi mang
[2026-05-18_11-10] Da xoa file backup cu, chi giu lai 5 file moi nhat
[2026-05-18_11-10] Da push len GitHub thanh cong
[2026-05-18_11-12] Backup da hoan thanh: data_backup_2026-05-18_11-12.tar.gz
[2026-05-18_11-12] Co ket noi mang
[2026-05-18_11-12] Da xoa file backup cu, chi giu lai 5 file moi nhat
[2026-05-18_11-12] Da push len GitHub thanh cong
[2026-05-18_11-14] Backup da hoan thanh: data_backup_2026-05-18_11-14.tar.gz
[2026-05-18_11-14] Co ket noi mang
[2026-05-18_11-14] Da xoa file backup cu, chi giu lai 5 file moi nhat
[2026-05-18_11-14] Da push len GitHub thanh cong
[2026-05-25_09-50] Backup da hoan thanh: data_backup_2026-05-25_09-50.tar.gz
[2026-05-25_09-50] Co ket noi mang
[2026-05-25_09-50] Da xoa file backup cu, chi giu lai 5 file moi nhat
[2026-05-25_09-50] Da push len GitHub thanh cong
[2026-05-25_10-12] Backup da hoan thanh: data_backup_2026-05-25_10-12.tar.gz
[2026-05-25_10-12] Co ket noi mang
[2026-05-25_10-12] Da xoa file backup cu, chi giu lai 5 file moi nhat
[2026-05-25_10-12] Da push len GitHub thanh cong
